This is pdfTeX, Version 3.141592653-2.6-1.40.25 (TeX Live 2023) (preloaded format=pdflatex 2023.7.5)  5 JUL 2023 20:38
entering extended mode
 restricted \write18 enabled.
 file:line:error style messages enabled.
 %&-line parsing enabled.
**/Users/atyler/Documents/Grants/TSC/TSC_IDA/grant.tex
(/Users/atyler/Documents/Grants/TSC/TSC_IDA/grant.tex
LaTeX2e <2023-06-01> patch level 1
L3 programming layer <2023-06-30>
(/Users/atyler/Library/TinyTeX/texmf-dist/tex/latex/base/article.cls
Document Class: article 2023/05/17 v1.4n Standard LaTeX document class
(/Users/atyler/Library/TinyTeX/texmf-dist/tex/latex/base/size12.clo
File: size12.clo 2023/05/17 v1.4n Standard LaTeX file (size option)
)
\c@part=\count185
\c@section=\count186
\c@subsection=\count187
\c@subsubsection=\count188
\c@paragraph=\count189
\c@subparagraph=\count190
\c@figure=\count191
\c@table=\count192
\abovecaptionskip=\skip48
\belowcaptionskip=\skip49
\bibindent=\dimen140
) (/Users/atyler/Library/TinyTeX/texmf-dist/tex/latex/lm/lmodern.sty
Package: lmodern 2015/05/01 v1.6.1 Latin Modern Fonts
LaTeX Font Info:    Overwriting symbol font `operators' in version `normal'
(Font)                  OT1/cmr/m/n --> OT1/lmr/m/n on input line 22.
LaTeX Font Info:    Overwriting symbol font `letters' in version `normal'
(Font)                  OML/cmm/m/it --> OML/lmm/m/it on input line 23.
LaTeX Font Info:    Overwriting symbol font `symbols' in version `normal'
(Font)                  OMS/cmsy/m/n --> OMS/lmsy/m/n on input line 24.
LaTeX Font Info:    Overwriting symbol font `largesymbols' in version `normal'
(Font)                  OMX/cmex/m/n --> OMX/lmex/m/n on input line 25.
LaTeX Font Info:    Overwriting symbol font `operators' in version `bold'
(Font)                  OT1/cmr/bx/n --> OT1/lmr/bx/n on input line 26.
LaTeX Font Info:    Overwriting symbol font `letters' in version `bold'
(Font)                  OML/cmm/b/it --> OML/lmm/b/it on input line 27.
LaTeX Font Info:    Overwriting symbol font `symbols' in version `bold'
(Font)                  OMS/cmsy/b/n --> OMS/lmsy/b/n on input line 28.
LaTeX Font Info:    Overwriting symbol font `largesymbols' in version `bold'
(Font)                  OMX/cmex/m/n --> OMX/lmex/m/n on input line 29.
LaTeX Font Info:    Overwriting math alphabet `\mathbf' in version `normal'
(Font)                  OT1/cmr/bx/n --> OT1/lmr/bx/n on input line 31.
LaTeX Font Info:    Overwriting math alphabet `\mathsf' in version `normal'
(Font)                  OT1/cmss/m/n --> OT1/lmss/m/n on input line 32.
LaTeX Font Info:    Overwriting math alphabet `\mathit' in version `normal'
(Font)                  OT1/cmr/m/it --> OT1/lmr/m/it on input line 33.
LaTeX Font Info:    Overwriting math alphabet `\mathtt' in version `normal'
(Font)                  OT1/cmtt/m/n --> OT1/lmtt/m/n on input line 34.
LaTeX Font Info:    Overwriting math alphabet `\mathbf' in version `bold'
(Font)                  OT1/cmr/bx/n --> OT1/lmr/bx/n on input line 35.
LaTeX Font Info:    Overwriting math alphabet `\mathsf' in version `bold'
(Font)                  OT1/cmss/bx/n --> OT1/lmss/bx/n on input line 36.
LaTeX Font Info:    Overwriting math alphabet `\mathit' in version `bold'
(Font)                  OT1/cmr/bx/it --> OT1/lmr/bx/it on input line 37.
LaTeX Font Info:    Overwriting math alphabet `\mathtt' in version `bold'
(Font)                  OT1/cmtt/m/n --> OT1/lmtt/m/n on input line 38.
) (/Users/atyler/Library/TinyTeX/texmf-dist/tex/latex/amsfonts/amssymb.sty
Package: amssymb 2013/01/14 v3.01 AMS font symbols
 (/Users/atyler/Library/TinyTeX/texmf-dist/tex/latex/amsfonts/amsfonts.sty
Package: amsfonts 2013/01/14 v3.01 Basic AMSFonts support
\@emptytoks=\toks17
\symAMSa=\mathgroup4
\symAMSb=\mathgroup5
LaTeX Font Info:    Redeclaring math symbol \hbar on input line 98.
LaTeX Font Info:    Overwriting math alphabet `\mathfrak' in version `bold'
(Font)                  U/euf/m/n --> U/euf/b/n on input line 106.
)) (/Users/atyler/Library/TinyTeX/texmf-dist/tex/latex/amsmath/amsmath.sty
Package: amsmath 2023/05/13 v2.17o AMS math features
\@mathmargin=\skip50

For additional information on amsmath, use the `?' option.
(/Users/atyler/Library/TinyTeX/texmf-dist/tex/latex/amsmath/amstext.sty
Package: amstext 2021/08/26 v2.01 AMS text
 (/Users/atyler/Library/TinyTeX/texmf-dist/tex/latex/amsmath/amsgen.sty
File: amsgen.sty 1999/11/30 v2.0 generic functions
\@emptytoks=\toks18
\ex@=\dimen141
)) (/Users/atyler/Library/TinyTeX/texmf-dist/tex/latex/amsmath/amsbsy.sty
Package: amsbsy 1999/11/29 v1.2d Bold Symbols
\pmbraise@=\dimen142
) (/Users/atyler/Library/TinyTeX/texmf-dist/tex/latex/amsmath/amsopn.sty
Package: amsopn 2022/04/08 v2.04 operator names
)
\inf@bad=\count193
LaTeX Info: Redefining \frac on input line 234.
\uproot@=\count194
\leftroot@=\count195
LaTeX Info: Redefining \overline on input line 399.
LaTeX Info: Redefining \colon on input line 410.
\classnum@=\count196
\DOTSCASE@=\count197
LaTeX Info: Redefining \ldots on input line 496.
LaTeX Info: Redefining \dots on input line 499.
LaTeX Info: Redefining \cdots on input line 620.
\Mathstrutbox@=\box51
\strutbox@=\box52
LaTeX Info: Redefining \big on input line 722.
LaTeX Info: Redefining \Big on input line 723.
LaTeX Info: Redefining \bigg on input line 724.
LaTeX Info: Redefining \Bigg on input line 725.
\big@size=\dimen143
LaTeX Font Info:    Redeclaring font encoding OML on input line 743.
LaTeX Font Info:    Redeclaring font encoding OMS on input line 744.
\macc@depth=\count198
LaTeX Info: Redefining \bmod on input line 905.
LaTeX Info: Redefining \pmod on input line 910.
LaTeX Info: Redefining \smash on input line 940.
LaTeX Info: Redefining \relbar on input line 970.
LaTeX Info: Redefining \Relbar on input line 971.
\c@MaxMatrixCols=\count199
\dotsspace@=\muskip16
\c@parentequation=\count266
\dspbrk@lvl=\count267
\tag@help=\toks19
\row@=\count268
\column@=\count269
\maxfields@=\count270
\andhelp@=\toks20
\eqnshift@=\dimen144
\alignsep@=\dimen145
\tagshift@=\dimen146
\tagwidth@=\dimen147
\totwidth@=\dimen148
\lineht@=\dimen149
\@envbody=\toks21
\multlinegap=\skip51
\multlinetaggap=\skip52
\mathdisplay@stack=\toks22
LaTeX Info: Redefining \[ on input line 2953.
LaTeX Info: Redefining \] on input line 2954.
) (/Users/atyler/Library/TinyTeX/texmf-dist/tex/generic/iftex/ifxetex.sty
Package: ifxetex 2019/10/25 v0.7 ifxetex legacy package. Use iftex instead.
 (/Users/atyler/Library/TinyTeX/texmf-dist/tex/generic/iftex/iftex.sty
Package: iftex 2022/02/03 v1.0f TeX engine tests
)) (/Users/atyler/Library/TinyTeX/texmf-dist/tex/generic/iftex/ifluatex.sty
Package: ifluatex 2019/10/25 v1.5 ifluatex legacy package. Use iftex instead.
) (/Users/atyler/Library/TinyTeX/texmf-dist/tex/latex/base/fontenc.sty
Package: fontenc 2021/04/29 v2.0v Standard LaTeX package
LaTeX Font Info:    Trying to load font information for T1+lmr on input line 112.
 (/Users/atyler/Library/TinyTeX/texmf-dist/tex/latex/lm/t1lmr.fd
File: t1lmr.fd 2015/05/01 v1.6.1 Font defs for Latin Modern
)) (/Users/atyler/Library/TinyTeX/texmf-dist/tex/latex/base/inputenc.sty
Package: inputenc 2021/02/14 v1.3d Input encoding file
\inpenc@prehook=\toks23
\inpenc@posthook=\toks24
) (/Users/atyler/Library/TinyTeX/texmf-dist/tex/latex/base/textcomp.sty
Package: textcomp 2020/02/02 v2.0n Standard LaTeX package
) (/Users/atyler/Library/TinyTeX/texmf-dist/tex/latex/microtype/microtype.sty
Package: microtype 2023/03/13 v3.1a Micro-typographical refinements (RS)
 (/Users/atyler/Library/TinyTeX/texmf-dist/tex/latex/graphics/keyval.sty
Package: keyval 2022/05/29 v1.15 key=value parser (DPC)
\KV@toks@=\toks25
) (/Users/atyler/Library/TinyTeX/texmf-dist/tex/latex/etoolbox/etoolbox.sty
Package: etoolbox 2020/10/05 v2.5k e-TeX tools for LaTeX (JAW)
\etb@tempcnta=\count271
)
\MT@toks=\toks26
\MT@tempbox=\box53
\MT@count=\count272
LaTeX Info: Redefining \noprotrusionifhmode on input line 1059.
LaTeX Info: Redefining \leftprotrusion on input line 1060.
\MT@prot@toks=\toks27
LaTeX Info: Redefining \rightprotrusion on input line 1078.
LaTeX Info: Redefining \textls on input line 1368.
\MT@outer@kern=\dimen150
LaTeX Info: Redefining \textmicrotypecontext on input line 1988.
\MT@listname@count=\count273
 (/Users/atyler/Library/TinyTeX/texmf-dist/tex/latex/microtype/microtype-pdftex.def
File: microtype-pdftex.def 2023/03/13 v3.1a Definitions specific to pdftex (RS)
LaTeX Info: Redefining \lsstyle on input line 902.
LaTeX Info: Redefining \lslig on input line 902.
\MT@outer@space=\skip53
)
Package microtype Info: Loading configuration file microtype.cfg.
 (/Users/atyler/Library/TinyTeX/texmf-dist/tex/latex/microtype/microtype.cfg
File: microtype.cfg 2023/03/13 v3.1a microtype main configuration file (RS)
)) (/Users/atyler/Library/TinyTeX/texmf-dist/tex/latex/parskip/parskip.sty
Package: parskip 2021-03-14 v2.0h non-zero parskip adjustments
 (/Users/atyler/Library/TinyTeX/texmf-dist/tex/latex/kvoptions/kvoptions.sty
Package: kvoptions 2022-06-15 v3.15 Key value format for package options (HO)
 (/Users/atyler/Library/TinyTeX/texmf-dist/tex/generic/ltxcmds/ltxcmds.sty
Package: ltxcmds 2020-05-10 v1.25 LaTeX kernel commands for general use (HO)
) (/Users/atyler/Library/TinyTeX/texmf-dist/tex/latex/kvsetkeys/kvsetkeys.sty
Package: kvsetkeys 2022-10-05 v1.19 Key value parser (HO)
))) (/Users/atyler/Library/TinyTeX/texmf-dist/tex/latex/xcolor/xcolor.sty
Package: xcolor 2022/06/12 v2.14 LaTeX color extensions (UK)
 (/Users/atyler/Library/TinyTeX/texmf-dist/tex/latex/graphics-cfg/color.cfg
File: color.cfg 2016/01/02 v1.6 sample color configuration
)
Package xcolor Info: Driver file: pdftex.def on input line 227.
 (/Users/atyler/Library/TinyTeX/texmf-dist/tex/latex/graphics-def/pdftex.def
File: pdftex.def 2022/09/22 v1.2b Graphics/color driver for pdftex
) (/Users/atyler/Library/TinyTeX/texmf-dist/tex/latex/graphics/mathcolor.ltx)
Package xcolor Info: Model `cmy' substituted by `cmy0' on input line 1353.
Package xcolor Info: Model `hsb' substituted by `rgb' on input line 1357.
Package xcolor Info: Model `RGB' extended on input line 1369.
Package xcolor Info: Model `HTML' substituted by `rgb' on input line 1371.
Package xcolor Info: Model `Hsb' substituted by `hsb' on input line 1372.
Package xcolor Info: Model `tHsb' substituted by `hsb' on input line 1373.
Package xcolor Info: Model `HSB' substituted by `hsb' on input line 1374.
Package xcolor Info: Model `Gray' substituted by `gray' on input line 1375.
Package xcolor Info: Model `wave' substituted by `hsb' on input line 1376.
) (/Users/atyler/Library/TinyTeX/texmf-dist/tex/latex/hyperref/hyperref.sty
Package: hyperref 2023-06-25 v7.01a Hypertext links for LaTeX
 (/Users/atyler/Library/TinyTeX/texmf-dist/tex/generic/pdftexcmds/pdftexcmds.sty
Package: pdftexcmds 2020-06-27 v0.33 Utility functions of pdfTeX for LuaTeX (HO)
 (/Users/atyler/Library/TinyTeX/texmf-dist/tex/generic/infwarerr/infwarerr.sty
Package: infwarerr 2019/12/03 v1.5 Providing info/warning/error messages (HO)
)
Package pdftexcmds Info: \pdf@primitive is available.
Package pdftexcmds Info: \pdf@ifprimitive is available.
Package pdftexcmds Info: \pdfdraftmode found.
) (/Users/atyler/Library/TinyTeX/texmf-dist/tex/generic/kvdefinekeys/kvdefinekeys.sty
Package: kvdefinekeys 2019-12-19 v1.6 Define keys (HO)
) (/Users/atyler/Library/TinyTeX/texmf-dist/tex/generic/pdfescape/pdfescape.sty
Package: pdfescape 2019/12/09 v1.15 Implements pdfTeX's escape features (HO)
) (/Users/atyler/Library/TinyTeX/texmf-dist/tex/latex/hycolor/hycolor.sty
Package: hycolor 2020-01-27 v1.10 Color options for hyperref/bookmark (HO)
) (/Users/atyler/Library/TinyTeX/texmf-dist/tex/latex/letltxmacro/letltxmacro.sty
Package: letltxmacro 2019/12/03 v1.6 Let assignment for LaTeX macros (HO)
) (/Users/atyler/Library/TinyTeX/texmf-dist/tex/latex/auxhook/auxhook.sty
Package: auxhook 2019-12-17 v1.6 Hooks for auxiliary files (HO)
) (/Users/atyler/Library/TinyTeX/texmf-dist/tex/latex/hyperref/nameref.sty
Package: nameref 2023-06-18 v2.52 Cross-referencing by name of section
 (/Users/atyler/Library/TinyTeX/texmf-dist/tex/latex/refcount/refcount.sty
Package: refcount 2019/12/15 v3.6 Data extraction from label references (HO)
) (/Users/atyler/Library/TinyTeX/texmf-dist/tex/generic/gettitlestring/gettitlestring.sty
Package: gettitlestring 2019/12/15 v1.6 Cleanup title references (HO)
)
\c@section@level=\count274
)
\@linkdim=\dimen151
\Hy@linkcounter=\count275
\Hy@pagecounter=\count276
 (/Users/atyler/Library/TinyTeX/texmf-dist/tex/latex/hyperref/pd1enc.def
File: pd1enc.def 2023-06-25 v7.01a Hyperref: PDFDocEncoding definition (HO)
Now handling font encoding PD1 ...
... no UTF-8 mapping file for font encoding PD1
) (/Users/atyler/Library/TinyTeX/texmf-dist/tex/generic/intcalc/intcalc.sty
Package: intcalc 2019/12/15 v1.3 Expandable calculations with integers (HO)
)
\Hy@SavedSpaceFactor=\count277
 (/Users/atyler/Library/TinyTeX/texmf-dist/tex/latex/hyperref/puenc.def
File: puenc.def 2023-06-25 v7.01a Hyperref: PDF Unicode definition (HO)
Now handling font encoding PU ...
... no UTF-8 mapping file for font encoding PU
)
Package hyperref Info: Option `unicode' set `true' on input line 4050.
Package hyperref Info: Hyper figures OFF on input line 4167.
Package hyperref Info: Link nesting OFF on input line 4172.
Package hyperref Info: Hyper index ON on input line 4175.
Package hyperref Info: Plain pages OFF on input line 4182.
Package hyperref Info: Backreferencing OFF on input line 4187.
Package hyperref Info: Implicit mode ON; LaTeX internals redefined.
Package hyperref Info: Bookmarks ON on input line 4434.
\c@Hy@tempcnt=\count278
 (/Users/atyler/Library/TinyTeX/texmf-dist/tex/latex/url/url.sty
\Urlmuskip=\muskip17
Package: url 2013/09/16  ver 3.4  Verb mode for urls, etc.
)
LaTeX Info: Redefining \url on input line 4772.
\XeTeXLinkMargin=\dimen152
 (/Users/atyler/Library/TinyTeX/texmf-dist/tex/generic/bitset/bitset.sty
Package: bitset 2019/12/09 v1.3 Handle bit-vector datatype (HO)
 (/Users/atyler/Library/TinyTeX/texmf-dist/tex/generic/bigintcalc/bigintcalc.sty
Package: bigintcalc 2019/12/15 v1.5 Expandable calculations on big integers (HO)
))
\Fld@menulength=\count279
\Field@Width=\dimen153
\Fld@charsize=\dimen154
Package hyperref Info: Hyper figures OFF on input line 6051.
Package hyperref Info: Link nesting OFF on input line 6056.
Package hyperref Info: Hyper index ON on input line 6059.
Package hyperref Info: backreferencing OFF on input line 6066.
Package hyperref Info: Link coloring OFF on input line 6071.
Package hyperref Info: Link coloring with OCG OFF on input line 6076.
Package hyperref Info: PDF/A mode OFF on input line 6081.
 (/Users/atyler/Library/TinyTeX/texmf-dist/tex/latex/base/atbegshi-ltx.sty
Package: atbegshi-ltx 2021/01/10 v1.0c Emulation of the original atbegshi
package with kernel methods
)
\Hy@abspage=\count280
\c@Item=\count281
\c@Hfootnote=\count282
)
Package hyperref Info: Driver (autodetected): hpdftex.
 (/Users/atyler/Library/TinyTeX/texmf-dist/tex/latex/hyperref/hpdftex.def
File: hpdftex.def 2023-06-25 v7.01a Hyperref driver for pdfTeX
 (/Users/atyler/Library/TinyTeX/texmf-dist/tex/latex/base/atveryend-ltx.sty
Package: atveryend-ltx 2020/08/19 v1.0a Emulation of the original atveryend package
with kernel methods
)
\Fld@listcount=\count283
\c@bookmark@seq@number=\count284
 (/Users/atyler/Library/TinyTeX/texmf-dist/tex/latex/rerunfilecheck/rerunfilecheck.sty
Package: rerunfilecheck 2022-07-10 v1.10 Rerun checks for auxiliary files (HO)
 (/Users/atyler/Library/TinyTeX/texmf-dist/tex/generic/uniquecounter/uniquecounter.sty
Package: uniquecounter 2019/12/15 v1.4 Provide unlimited unique counter (HO)
)
Package uniquecounter Info: New unique counter `rerunfilecheck' on input line 285.
)
\Hy@SectionHShift=\skip54
) (/Users/atyler/Library/TinyTeX/texmf-dist/tex/latex/geometry/geometry.sty
Package: geometry 2020/01/02 v5.9 Page Geometry
 (/Users/atyler/Library/TinyTeX/texmf-dist/tex/generic/iftex/ifvtex.sty
Package: ifvtex 2019/10/25 v1.7 ifvtex legacy package. Use iftex instead.
)
\Gm@cnth=\count285
\Gm@cntv=\count286
\c@Gm@tempcnt=\count287
\Gm@bindingoffset=\dimen155
\Gm@wd@mp=\dimen156
\Gm@odd@mp=\dimen157
\Gm@even@mp=\dimen158
\Gm@layoutwidth=\dimen159
\Gm@layoutheight=\dimen160
\Gm@layouthoffset=\dimen161
\Gm@layoutvoffset=\dimen162
\Gm@dimlist=\toks28
) (/Users/atyler/Library/TinyTeX/texmf-dist/tex/latex/graphics/graphicx.sty
Package: graphicx 2021/09/16 v1.2d Enhanced LaTeX Graphics (DPC,SPQR)
 (/Users/atyler/Library/TinyTeX/texmf-dist/tex/latex/graphics/graphics.sty
Package: graphics 2022/03/10 v1.4e Standard LaTeX Graphics (DPC,SPQR)
 (/Users/atyler/Library/TinyTeX/texmf-dist/tex/latex/graphics/trig.sty
Package: trig 2021/08/11 v1.11 sin cos tan (DPC)
) (/Users/atyler/Library/TinyTeX/texmf-dist/tex/latex/graphics-cfg/graphics.cfg
File: graphics.cfg 2016/06/04 v1.11 sample graphics configuration
)
Package graphics Info: Driver file: pdftex.def on input line 107.
)
\Gin@req@height=\dimen163
\Gin@req@width=\dimen164
) (/Users/atyler/Library/TinyTeX/texmf-dist/tex/latex/setspace/setspace.sty
Package: setspace 2022/12/04 v6.7b set line spacing
) (/Users/atyler/Library/TinyTeX/texmf-dist/tex/latex/psnfss/times.sty
Package: times 2020/03/25 PSNFSS-v9.3 (SPQR) 
) (/Users/atyler/Library/TinyTeX/texmf-dist/tex/latex/psnfss/mathptmx.sty
Package: mathptmx 2020/03/25 PSNFSS-v9.3 Times w/ Math, improved (SPQR, WaS) 
LaTeX Font Info:    Redeclaring symbol font `operators' on input line 28.
LaTeX Font Info:    Overwriting symbol font `operators' in version `normal'
(Font)                  OT1/lmr/m/n --> OT1/ztmcm/m/n on input line 28.
LaTeX Font Info:    Overwriting symbol font `operators' in version `bold'
(Font)                  OT1/lmr/bx/n --> OT1/ztmcm/m/n on input line 28.
LaTeX Font Info:    Redeclaring symbol font `letters' on input line 29.
LaTeX Font Info:    Overwriting symbol font `letters' in version `normal'
(Font)                  OML/lmm/m/it --> OML/ztmcm/m/it on input line 29.
LaTeX Font Info:    Overwriting symbol font `letters' in version `bold'
(Font)                  OML/lmm/b/it --> OML/ztmcm/m/it on input line 29.
LaTeX Font Info:    Redeclaring symbol font `symbols' on input line 30.
LaTeX Font Info:    Overwriting symbol font `symbols' in version `normal'
(Font)                  OMS/lmsy/m/n --> OMS/ztmcm/m/n on input line 30.
LaTeX Font Info:    Overwriting symbol font `symbols' in version `bold'
(Font)                  OMS/lmsy/b/n --> OMS/ztmcm/m/n on input line 30.
LaTeX Font Info:    Redeclaring symbol font `largesymbols' on input line 31.
LaTeX Font Info:    Overwriting symbol font `largesymbols' in version `normal'
(Font)                  OMX/lmex/m/n --> OMX/ztmcm/m/n on input line 31.
LaTeX Font Info:    Overwriting symbol font `largesymbols' in version `bold'
(Font)                  OMX/lmex/m/n --> OMX/ztmcm/m/n on input line 31.
\symbold=\mathgroup6
\symitalic=\mathgroup7
LaTeX Font Info:    Redeclaring math alphabet \mathbf on input line 34.
LaTeX Font Info:    Overwriting math alphabet `\mathbf' in version `normal'
(Font)                  OT1/lmr/bx/n --> OT1/ptm/bx/n on input line 34.
LaTeX Font Info:    Overwriting math alphabet `\mathbf' in version `bold'
(Font)                  OT1/lmr/bx/n --> OT1/ptm/bx/n on input line 34.
LaTeX Font Info:    Redeclaring math alphabet \mathit on input line 35.
LaTeX Font Info:    Overwriting math alphabet `\mathit' in version `normal'
(Font)                  OT1/lmr/m/it --> OT1/ptm/m/it on input line 35.
LaTeX Font Info:    Overwriting math alphabet `\mathit' in version `bold'
(Font)                  OT1/lmr/bx/it --> OT1/ptm/m/it on input line 35.
LaTeX Info: Redefining \hbar on input line 50.
) (/Users/atyler/Library/TinyTeX/texmf-dist/tex/latex/natbib/natbib.sty
Package: natbib 2010/09/13 8.31b (PWD, AO)
\bibhang=\skip55
\bibsep=\skip56
LaTeX Info: Redefining \cite on input line 694.
\c@NAT@ctr=\count288
)
LaTeX Font Info:    Trying to load font information for T1+ptm on input line 79.
 (/Users/atyler/Library/TinyTeX/texmf-dist/tex/latex/psnfss/t1ptm.fd
File: t1ptm.fd 2001/06/04 font definitions for T1/ptm.
) (/Users/atyler/Library/TinyTeX/texmf-dist/tex/latex/l3backend/l3backend-pdftex.def
File: l3backend-pdftex.def 2023-04-19 L3 backend support: PDF output (pdfTeX)
\l__color_backend_stack_int=\count289
\l__pdf_internal_box=\box54
) (./grant.aux)
Runaway argument?
{\contentsline {figure}{\numberline {2}{\ignorespaces Previous experi\ETC.
/Users/atyler/Documents/Grants/TSC/TSC_IDA/grant.tex:79: File ended while scanning use of \@writefile.
<inserted text> 
                \par 
l.79 \begin{document}
                     
I suspect you have forgotten a `}', causing me
to read past where you wanted me to stop.
I'll try to recover; but if the error is serious,
you'd better type `E' or `X' now and fix your file.

\openout1 = `grant.aux'.

LaTeX Font Info:    Checking defaults for OML/cmm/m/it on input line 79.
LaTeX Font Info:    ... okay on input line 79.
LaTeX Font Info:    Checking defaults for OMS/cmsy/m/n on input line 79.
LaTeX Font Info:    ... okay on input line 79.
LaTeX Font Info:    Checking defaults for OT1/cmr/m/n on input line 79.
LaTeX Font Info:    ... okay on input line 79.
LaTeX Font Info:    Checking defaults for T1/cmr/m/n on input line 79.
LaTeX Font Info:    ... okay on input line 79.
LaTeX Font Info:    Checking defaults for TS1/cmr/m/n on input line 79.
LaTeX Font Info:    ... okay on input line 79.
LaTeX Font Info:    Checking defaults for OMX/cmex/m/n on input line 79.
LaTeX Font Info:    ... okay on input line 79.
LaTeX Font Info:    Checking defaults for U/cmr/m/n on input line 79.
LaTeX Font Info:    ... okay on input line 79.
LaTeX Font Info:    Checking defaults for PD1/pdf/m/n on input line 79.
LaTeX Font Info:    ... okay on input line 79.
LaTeX Font Info:    Checking defaults for PU/pdf/m/n on input line 79.
LaTeX Font Info:    ... okay on input line 79.
LaTeX Info: Redefining \microtypecontext on input line 79.
Package microtype Info: Applying patch `item' on input line 79.
Package microtype Info: Applying patch `toc' on input line 79.
Package microtype Info: Applying patch `eqnum' on input line 79.

Package microtype Warning: Unable to apply patch `footnote' on input line 79.

Package microtype Info: Applying patch `verbatim' on input line 79.
Package microtype Info: Generating PDF output.
Package microtype Info: Character protrusion enabled (level 2).
Package microtype Info: Using protrusion set `basicmath'.
Package microtype Info: Automatic font expansion enabled (level 2),
(microtype)             stretch: 20, shrink: 20, step: 1, non-selected.
Package microtype Info: Using default expansion set `alltext-nott'.
LaTeX Info: Redefining \showhyphens on input line 79.
Package microtype Info: No adjustment of tracking.
Package microtype Info: No adjustment of interword spacing.
Package microtype Info: No adjustment of character kerning.
(/Users/atyler/Library/TinyTeX/texmf-dist/tex/latex/microtype/mt-ptm.cfg
File: mt-ptm.cfg 2006/04/20 v1.7 microtype config. file: Times (RS)
) (/Users/atyler/Library/TinyTeX/texmf-dist/tex/latex/epstopdf-pkg/epstopdf-base.sty
Package: epstopdf-base 2020-01-24 v2.11 Base part for package epstopdf
 (/Users/atyler/Library/TinyTeX/texmf-dist/tex/latex/grfext/grfext.sty
Package: grfext 2019/12/03 v1.3 Manage graphics extensions (HO)
)
Package epstopdf-base Info: Redefining graphics rule for `.eps' on input line 485.
Package grfext Info: Graphics extension search list:
(grfext)             [.pdf,.png,.jpg,.mps,.jpeg,.jbig2,.jb2,.PDF,.PNG,.JPG,.JPEG,.JBIG2,.JB2,.eps]
(grfext)             \AppendGraphicsExtensions on input line 504.
 (/Users/atyler/Library/TinyTeX/texmf-dist/tex/latex/latexconfig/epstopdf-sys.cfg
File: epstopdf-sys.cfg 2010/07/13 v1.3 Configuration of (r)epstopdf for TeX Live
))
Package hyperref Info: Link coloring OFF on input line 79.
 (./grant.out) (./grant.out)
\@outlinefile=\write3
\openout3 = `grant.out'.


*geometry* driver: auto-detecting
*geometry* detected driver: pdftex
*geometry* verbose mode - [ preamble ] result:
* driver: pdftex
* paper: <default>
* layout: <same size as paper>
* layoutoffset:(h,v)=(0.0pt,0.0pt)
* modes: 
* h-part:(L,W,R)=(36.135pt, 542.02501pt, 36.135pt)
* v-part:(T,H,B)=(36.135pt, 722.7pt, 36.135pt)
* \paperwidth=614.295pt
* \paperheight=794.96999pt
* \textwidth=542.02501pt
* \textheight=722.7pt
* \oddsidemargin=-36.135pt
* \evensidemargin=-36.135pt
* \topmargin=-73.135pt
* \headheight=12.0pt
* \headsep=25.0pt
* \topskip=12.0pt
* \footskip=30.0pt
* \marginparwidth=44.0pt
* \marginparsep=10.0pt
* \columnsep=10.0pt
* \skip\footins=10.8pt plus 4.0pt minus 2.0pt
* \hoffset=0.0pt
* \voffset=0.0pt
* \mag=1000
* \@twocolumnfalse
* \@twosidefalse
* \@mparswitchfalse
* \@reversemarginfalse
* (1in=72.27pt=25.4mm, 1cm=28.453pt)

LaTeX Font Info:    Trying to load font information for OT1+ztmcm on input line 92.
(/Users/atyler/Library/TinyTeX/texmf-dist/tex/latex/psnfss/ot1ztmcm.fd
File: ot1ztmcm.fd 2000/01/03 Fontinst v1.801 font definitions for OT1/ztmcm.
)
LaTeX Font Info:    Trying to load font information for OML+ztmcm on input line 92.
 (/Users/atyler/Library/TinyTeX/texmf-dist/tex/latex/psnfss/omlztmcm.fd
File: omlztmcm.fd 2000/01/03 Fontinst v1.801 font definitions for OML/ztmcm.
)
LaTeX Font Info:    Trying to load font information for OMS+ztmcm on input line 92.
 (/Users/atyler/Library/TinyTeX/texmf-dist/tex/latex/psnfss/omsztmcm.fd
File: omsztmcm.fd 2000/01/03 Fontinst v1.801 font definitions for OMS/ztmcm.
)
LaTeX Font Info:    Trying to load font information for OMX+ztmcm on input line 92.
 (/Users/atyler/Library/TinyTeX/texmf-dist/tex/latex/psnfss/omxztmcm.fd
File: omxztmcm.fd 2000/01/03 Fontinst v1.801 font definitions for OMX/ztmcm.
) (/Users/atyler/Library/TinyTeX/texmf-dist/tex/latex/microtype/mt-msa.cfg
File: mt-msa.cfg 2006/02/04 v1.1 microtype config. file: AMS symbols (a) (RS)
) (/Users/atyler/Library/TinyTeX/texmf-dist/tex/latex/microtype/mt-msb.cfg
File: mt-msb.cfg 2005/06/01 v1.0 microtype config. file: AMS symbols (b) (RS)
)
LaTeX Font Info:    Trying to load font information for OT1+ptm on input line 92.
 (/Users/atyler/Library/TinyTeX/texmf-dist/tex/latex/psnfss/ot1ptm.fd
File: ot1ptm.fd 2001/06/04 font definitions for OT1/ptm.
)
LaTeX Font Info:    Font shape `OT1/ptm/bx/n' in size <12> not available
(Font)              Font shape `OT1/ptm/b/n' tried instead on input line 92.
LaTeX Font Info:    Font shape `OT1/ptm/bx/n' in size <9> not available
(Font)              Font shape `OT1/ptm/b/n' tried instead on input line 92.
LaTeX Font Info:    Font shape `OT1/ptm/bx/n' in size <7> not available
(Font)              Font shape `OT1/ptm/b/n' tried instead on input line 92.


Package natbib Warning: Citation `17005952' on page 1 undefined on input line 92.


Package natbib Warning: Citation `gomez_tuberous_1999' on page 1 undefined on input line 95.


Package natbib Warning: Citation `8423606' on page 1 undefined on input line 95.


Package natbib Warning: Citation `17005952' on page 1 undefined on input line 95.


Package natbib Warning: Citation `8057044' on page 1 undefined on input line 95.


Package natbib Warning: Citation `29687738' on page 1 undefined on input line 95.


Package natbib Warning: Citation `28127866' on page 1 undefined on input line 95.


Package natbib Warning: Citation `29926239' on page 1 undefined on input line 95.


Package natbib Warning: Citation `29687738' on page 1 undefined on input line 104.


Package natbib Warning: Citation `28127866' on page 1 undefined on input line 104.


Package natbib Warning: Citation `29926239' on page 1 undefined on input line 104.


Package natbib Warning: Citation `18174550' on page 1 undefined on input line 106.

<Fig1.png, id=5, 1198.4775pt x 462.72874pt>
File: Fig1.png Graphic file (type png)
<use Fig1.png>
Package pdftex.def Info: Fig1.png  used on input line 110.
(pdftex.def)             Requested size: 542.0347pt x 209.27805pt.

Package natbib Warning: Citation `30760308' on page 1 undefined on input line 121.


Package natbib Warning: Citation `29438097' on page 1 undefined on input line 121.


Package natbib Warning: Citation `30760308' on page 1 undefined on input line 121.


Package natbib Warning: Citation `29438097' on page 1 undefined on input line 121.


Package natbib Warning: Citation `15578690' on page 1 undefined on input line 121.


Package natbib Warning: Citation `20235887' on page 1 undefined on input line 121.


Package natbib Warning: Citation `15557109' on page 1 undefined on input line 124.


Package natbib Warning: Citation `20235887' on page 1 undefined on input line 124.


Package natbib Warning: Citation `25347447' on page 1 undefined on input line 124.


Package natbib Warning: Citation `24395886' on page 1 undefined on input line 124.


Package natbib Warning: Citation `22457331' on page 1 undefined on input line 124.


Package natbib Warning: Citation `30305233' on page 1 undefined on input line 125.


Package natbib Warning: Citation `36028490' on page 1 undefined on input line 125.


Package natbib Warning: Citation `22788941' on page 1 undefined on input line 125.


Package natbib Warning: Citation `16845661' on page 1 undefined on input line 133.


Package natbib Warning: Citation `15150271' on page 1 undefined on input line 134.


Package natbib Warning: Citation `16803888' on page 1 undefined on input line 134.


Package natbib Warning: Citation `24395886' on page 1 undefined on input line 134.


Package natbib Warning: Citation `23715154' on page 1 undefined on input line 134.

[1

{/Users/atyler/Library/TinyTeX/texmf-var/fonts/map/pdftex/updmap/pdftex.map}{/Users/atyler/Library/TinyTeX/texmf-dist/fonts/enc/dvips/base/8r.enc} <./Fig1.png>]

LaTeX Warning: Reference `fig:bxd' on page 2 undefined on input line 150.


LaTeX Warning: Reference `fig:bxd' on page 2 undefined on input line 154.


LaTeX Warning: Reference `fig:bxd' on page 2 undefined on input line 156.


Package natbib Warning: Citation `26449520' on page 2 undefined on input line 158.


Package natbib Warning: Citation `28544613' on page 2 undefined on input line 158.


Package natbib Warning: Citation `29457871' on page 2 undefined on input line 158.


LaTeX Warning: Reference `fig:bxd' on page 2 undefined on input line 162.


LaTeX Warning: Reference `fig:bxd' on page 2 undefined on input line 164.


LaTeX Warning: Reference `fig:bxd' on page 2 undefined on input line 167.


Package natbib Warning: Citation `25081057' on page 2 undefined on input line 175.

<Fig2.png, id=18, 1027.84pt x 770.88pt>
File: Fig2.png Graphic file (type png)
<use Fig2.png>
Package pdftex.def Info: Fig2.png  used on input line 180.
(pdftex.def)             Requested size: 542.02367pt x 406.51776pt.

LaTeX Warning: Reference `fig:bxd' on page 2 undefined on input line 193.


Package natbib Warning: Citation `15818384' on page 2 undefined on input line 195.


Package natbib Warning: Citation `9618446' on page 2 undefined on input line 195.


Package natbib Warning: Citation `20235887' on page 2 undefined on input line 207.


Package natbib Warning: Citation `11735216' on page 2 undefined on input line 209.


Package natbib Warning: Citation `14654943' on page 2 undefined on input line 210.


Package natbib Warning: Citation `10491404' on page 2 undefined on input line 214.


Package natbib Warning: Citation `20235887' on page 2 undefined on input line 216.


Package natbib Warning: Citation `15888477' on page 2 undefined on input line 219.


Package natbib Warning: Citation `22892839' on page 2 undefined on input line 228.


Package natbib Warning: Citation `17674098' on page 2 undefined on input line 229.


Package natbib Warning: Citation `24296534' on page 2 undefined on input line 253.


Package natbib Warning: Citation `35277432' on page 2 undefined on input line 255.


Package natbib Warning: Citation `33687326' on page 2 undefined on input line 255.


Package natbib Warning: Citation `26614740' on page 2 undefined on input line 255.


Package natbib Warning: Citation `27309819' on page 2 undefined on input line 255.


Package natbib Warning: Citation `28916633' on page 2 undefined on input line 255.


Package natbib Warning: Citation `30840070' on page 2 undefined on input line 255.


Package natbib Warning: Citation `32467129' on page 2 undefined on input line 255.


Package natbib Warning: Citation `32763908' on page 2 undefined on input line 255.


Package natbib Warning: Citation `32795400' on page 2 undefined on input line 255.


Package natbib Warning: Citation `32877673' on page 2 undefined on input line 255.


Package natbib Warning: Citation `32917924' on page 2 undefined on input line 255.


Package natbib Warning: Citation `33264334' on page 2 undefined on input line 255.


Package natbib Warning: Citation `33619752' on page 2 undefined on input line 255.


Package natbib Warning: Citation `34045313' on page 2 undefined on input line 255.


Package natbib Warning: Citation `34324982' on page 2 undefined on input line 255.


Package natbib Warning: Citation `34403447' on page 2 undefined on input line 255.


Package natbib Warning: Citation `34653361' on page 2 undefined on input line 255.


Package natbib Warning: Citation `34666007' on page 2 undefined on input line 255.


Package natbib Warning: Citation `35383961' on page 2 undefined on input line 255.


Package natbib Warning: Citation `35481286' on page 2 undefined on input line 255.


Package natbib Warning: Citation `35616343' on page 2 undefined on input line 255.


Package natbib Warning: Citation `35819478' on page 2 undefined on input line 255.


Package natbib Warning: Citation `36028119' on page 2 undefined on input line 255.


Package natbib Warning: Citation `36212994' on page 2 undefined on input line 255.


Package natbib Warning: Citation `36649207' on page 2 undefined on input line 255.


Package natbib Warning: Citation `36714272' on page 2 undefined on input line 255.


Package natbib Warning: Citation `36788222' on page 2 undefined on input line 255.


Package natbib Warning: Citation `36968078' on page 2 undefined on input line 255.


Package natbib Warning: Citation `36993241' on page 2 undefined on input line 255.


Package natbib Warning: Citation `37214876' on page 2 undefined on input line 255.


Package natbib Warning: Citation `37082146' on page 2 undefined on input line 255.


Package natbib Warning: Citation `37214980' on page 2 undefined on input line 255.


Package natbib Warning: Citation `37276142' on page 2 undefined on input line 255.


Package natbib Warning: Citation `37301941' on page 2 undefined on input line 255.


Package natbib Warning: Citation `30591514' on page 2 undefined on input line 256.


Package natbib Warning: Citation `24204223' on page 2 undefined on input line 257.


Package natbib Warning: Citation `35533209' on page 2 undefined on input line 259.


Package natbib Warning: Citation `28592500' on page 2 undefined on input line 261.


Package natbib Warning: Citation `37217254' on page 2 undefined on input line 261.


Package natbib Warning: Citation `27916600' on page 2 undefined on input line 263.


Package natbib Warning: Citation `32796024' on page 2 undefined on input line 263.


Package natbib Warning: Citation `33892506' on page 2 undefined on input line 265.

[2] [3 <./Fig2.png>]

Package natbib Warning: Citation `30127430' on page 4 undefined on input line 278.


Package natbib Warning: Citation `26687221' on page 4 undefined on input line 278.


Package natbib Warning: Citation `30573820' on page 4 undefined on input line 278.


Package natbib Warning: Citation `31570119' on page 4 undefined on input line 278.


Package natbib Warning: Citation `29779950' on page 4 undefined on input line 278.


Package natbib Warning: Citation `37091193' on page 4 undefined on input line 278.


Package natbib Warning: Citation `34718812' on page 4 undefined on input line 278.


Package natbib Warning: Citation `35021077' on page 4 undefined on input line 278.


Package natbib Warning: Citation `33729153' on page 4 undefined on input line 278.


Package natbib Warning: Citation `36841241' on page 4 undefined on input line 279.


Package natbib Warning: Citation `35202643' on page 4 undefined on input line 280.


Package natbib Warning: Citation `31308507' on page 4 undefined on input line 280.


Package natbib Warning: Citation `29652635' on page 4 undefined on input line 284.


Package natbib Warning: Citation `31220455' on page 4 undefined on input line 286.


Package natbib Warning: Citation `10491404' on page 4 undefined on input line 342.


Package natbib Warning: Citation `20235887' on page 4 undefined on input line 342.


Package natbib Warning: Citation `15731990' on page 4 undefined on input line 347.


Package natbib Warning: Citation `28868251' on page 4 undefined on input line 347.


Package natbib Warning: Citation `18236061' on page 4 undefined on input line 347.

[4]

Package natbib Warning: Citation `30127430' on page 5 undefined on input line 377.


Package natbib Warning: Citation `26687221' on page 5 undefined on input line 377.


Package natbib Warning: Citation `30573820' on page 5 undefined on input line 377.


Package natbib Warning: Citation `31570119' on page 5 undefined on input line 377.


Package natbib Warning: Citation `29779950' on page 5 undefined on input line 377.


Package natbib Warning: Citation `37091193' on page 5 undefined on input line 377.


Package natbib Warning: Citation `34718812' on page 5 undefined on input line 377.


Package natbib Warning: Citation `35021077' on page 5 undefined on input line 377.


Package natbib Warning: Citation `33729153' on page 5 undefined on input line 377.


Package natbib Warning: Citation `jax_github' on page 5 undefined on input line 397.


Package natbib Warning: Citation `21816040' on page 5 undefined on input line 400.


Package natbib Warning: Citation `picard' on page 5 undefined on input line 402.


Package natbib Warning: Citation `27312411' on page 5 undefined on input line 402.


Package natbib Warning: Citation `25516281' on page 5 undefined on input line 404.


Package natbib Warning: Citation `23497356' on page 5 undefined on input line 404.


Package natbib Warning: Citation `33067325' on page 5 undefined on input line 408.


Package natbib Warning: Citation `haploQA' on page 5 undefined on input line 409.


Package natbib Warning: Citation `25237114' on page 5 undefined on input line 410.


Package natbib Warning: Citation `30591514' on page 5 undefined on input line 419.


Package natbib Warning: Citation `8770605' on page 5 undefined on input line 421.


Package natbib Warning: Citation `18385116' on page 5 undefined on input line 424.


Package natbib Warning: Citation `25237114' on page 5 undefined on input line 430.


Package natbib Warning: Citation `27916600' on page 5 undefined on input line 431.


Package natbib Warning: Citation `29567659' on page 5 undefined on input line 442.


Package natbib Warning: Citation `24204223' on page 5 undefined on input line 443.


Package natbib Warning: Citation `28592500' on page 5 undefined on input line 450.


Package natbib Warning: Citation `26828925' on page 5 undefined on input line 454.


Package natbib Warning: Citation `31694854' on page 5 undefined on input line 454.


Package natbib Warning: Citation `26828925' on page 5 undefined on input line 458.


Package natbib Warning: Citation `28592500' on page 5 undefined on input line 458.


Package natbib Warning: Citation `24297548' on page 5 undefined on input line 458.


Package natbib Warning: Citation `33892506' on page 5 undefined on input line 462.


Package natbib Warning: Citation `8770605' on page 5 undefined on input line 463.


Package natbib Warning: Citation `25251056' on page 5 undefined on input line 464.


Package natbib Warning: Citation `28592500' on page 5 undefined on input line 465.

[5]

Package natbib Warning: Citation `28622505' on page 6 undefined on input line 475.


Package natbib Warning: Citation `31051098' on page 6 undefined on input line 475.


Package natbib Warning: Citation `28637279' on page 6 undefined on input line 479.


Package natbib Warning: Citation `21218138' on page 6 undefined on input line 489.


Package natbib Warning: Citation `22496633' on page 6 undefined on input line 489.


Package natbib Warning: Citation `bollen_structural_1989' on page 6 undefined on input line 494.


Package natbib Warning: Citation `16199517' on page 6 undefined on input line 503.


LaTeX Warning: Reference `fig:LORR' on page 6 undefined on input line 512.


LaTeX Warning: Reference `fig:LORR' on page 6 undefined on input line 513.


LaTeX Warning: Reference `fig:LORR' on page 6 undefined on input line 515.


LaTeX Warning: Reference `fig:LORR' on page 6 undefined on input line 518.

[6]
<Fig3.png, id=55, 1090.0725pt x 528.97626pt>
File: Fig3.png Graphic file (type png)
<use Fig3.png>
Package pdftex.def Info: Fig3.png  used on input line 524.
(pdftex.def)             Requested size: 542.0243pt x 263.02654pt.


Package natbib Warning: Citation `24062767' on page 7 undefined on input line 537.


Package natbib Warning: Citation `33889174' on page 7 undefined on input line 546.


Package natbib Warning: Citation `31645420' on page 7 undefined on input line 546.


LaTeX Warning: Reference `fig:LORR' on page 7 undefined on input line 552.


Package natbib Warning: Citation `36841241' on page 7 undefined on input line 555.

[7 <./Fig3.png>]

Package natbib Warning: Citation `inception' on page 8 undefined on input line 582.


Package natbib Warning: Citation `farooq2020advanced' on page 8 undefined on input line 584.


Package natbib Warning: Citation `dutta2022multi' on page 8 undefined on input line 585.


Package natbib Warning: Citation `31010833' on page 8 undefined on input line 589.


Package natbib Warning: Citation `32968067' on page 8 undefined on input line 589.


LaTeX Warning: Reference `fig:histo' on page 8 undefined on input line 616.


LaTeX Warning: Reference `fig:histo' on page 8 undefined on input line 621.


LaTeX Warning: Reference `fig:histo' on page 8 undefined on input line 624.


LaTeX Warning: Reference `fig:histo' on page 8 undefined on input line 627.


Package natbib Warning: Citation `23249873' on page 8 undefined on input line 631.


Package natbib Warning: Citation `29795190' on page 8 undefined on input line 631.

<Fig4.png, id=63, 951.555pt x 517.935pt>
File: Fig4.png Graphic file (type png)
<use Fig4.png>
Package pdftex.def Info: Fig4.png  used on input line 638.
(pdftex.def)             Requested size: 542.04352pt x 295.03633pt.

Package natbib Warning: Citation `33687326' on page 8 undefined on input line 653.


Package natbib Warning: Citation `30670690' on page 8 undefined on input line 659.


LaTeX Warning: Reference `fig:histo' on page 8 undefined on input line 664.


Package natbib Warning: Citation `crammer_needle_2004' on page 8 undefined on input line 671.

[8]

Package natbib Warning: Citation `28592500' on page 9 undefined on input line 685.

[9 <./Fig4.png>] [10] (./grant.bbl [11] [12] [13] [14] [15] [16] [17] [18])

Package natbib Warning: There were undefined citations.

[19] (./grant.aux

Package natbib Warning: Citation(s) may have changed.
(natbib)                Rerun to get citations correct.

)
 ***********
LaTeX2e <2023-06-01> patch level 1
L3 programming layer <2023-06-30>
 ***********


LaTeX Warning: There were undefined references.


LaTeX Warning: Label(s) may have changed. Rerun to get cross-references right.

Package rerunfilecheck Info: File `grant.out' has not changed.
(rerunfilecheck)             Checksum: D41D8CD98F00B204E9800998ECF8427E;0.
 ) 
Here is how much of TeX's memory you used:
 13914 strings out of 477197
 215361 string characters out of 5813014
 1934244 words of memory out of 5000000
 34263 multiletter control sequences out of 15000+600000
 607684 words of font info for 264 fonts, out of 8000000 for 9000
 14 hyphenation exceptions out of 8191
 63i,6n,67p,1140b,800s stack positions out of 10000i,1000n,20000p,200000b,200000s
</Users/atyler/Library/TinyTeX/texmf-dist/fonts/type1/public/amsfonts/cm/cmmi10.pfb></Users/atyler/Library/TinyTeX/texmf-dist/fonts/type1/public/amsfonts/cm/cmr10.pfb></Users/atyler/Library/TinyTeX/texmf-dist/fonts/type1/public/amsfonts/cm/cmsy10.pfb></Users/atyler/Library/TinyTeX/texmf-dist/fonts/type1/urw/symbol/usyr.pfb></Users/atyler/Library/TinyTeX/texmf-dist/fonts/type1/urw/symbol/usyr.pfb></Users/atyler/Library/TinyTeX/texmf-dist/fonts/type1/urw/times/utmb8a.pfb></Users/atyler/Library/TinyTeX/texmf-dist/fonts/type1/urw/times/utmr8a.pfb></Users/atyler/Library/TinyTeX/texmf-dist/fonts/type1/urw/times/utmri8a.pfb>
Output written on grant.pdf (19 pages, 2810864 bytes).
PDF statistics:
 318 PDF objects out of 1000 (max. 8388607)
 270 compressed objects within 3 object streams
 155 named destinations out of 1000 (max. 500000)
 36885 words of extra memory for PDF output out of 42996 (max. 10000000)

